{"C:\\Users\\Miha\\Desktop\\RegistriranaVozilaPoMesecih\\backend\\src\\env.d.ts": {"path":"C:\\Users\\Miha\\Desktop\\RegistriranaVozilaPoMesecih\\backend\\src\\env.d.ts","statementMap":{},"fnMap":{},"branchMap":{},"s":{},"f":{},"b":{}}
,"C:\\Users\\Miha\\Desktop\\RegistriranaVozilaPoMesecih\\backend\\src\\prisma\\prisma.ts": {"path":"C:\\Users\\Miha\\Desktop\\RegistriranaVozilaPoMesecih\\backend\\src\\prisma\\prisma.ts","statementMap":{"0":{"start":{"line":1,"column":0},"end":{"line":1,"column":46}},"1":{"start":{"line":3,"column":15},"end":{"line":3,"column":33}},"2":{"start":{"line":5,"column":0},"end":{"line":5,"column":22}}},"fnMap":{},"branchMap":{},"s":{"0":4,"1":4,"2":4},"f":{},"b":{}}
,"C:\\Users\\Miha\\Desktop\\RegistriranaVozilaPoMesecih\\backend\\src\\routes\\accelerationRoutes.ts": {"path":"C:\\Users\\Miha\\Desktop\\RegistriranaVozilaPoMesecih\\backend\\src\\routes\\accelerationRoutes.ts","statementMap":{"0":{"start":{"line":1,"column":0},"end":{"line":1,"column":50}},"1":{"start":{"line":2,"column":0},"end":{"line":2,"column":64}},"2":{"start":{"line":3,"column":0},"end":{"line":3,"column":38}},"3":{"start":{"line":5,"column":15},"end":{"line":5,"column":23}},"4":{"start":{"line":8,"column":31},"end":{"line":18,"column":1}},"5":{"start":{"line":13,"column":17},"end":{"line":13,"column":38}},"6":{"start":{"line":14,"column":2},"end":{"line":16,"column":3}},"7":{"start":{"line":15,"column":4},"end":{"line":15,"column":58}},"8":{"start":{"line":17,"column":2},"end":{"line":17,"column":9}},"9":{"start":{"line":21,"column":0},"end":{"line":45,"column":2}},"10":{"start":{"line":25,"column":40},"end":{"line":44,"column":null}},"11":{"start":{"line":26,"column":24},"end":{"line":26,"column":32}},"12":{"start":{"line":28,"column":4},"end":{"line":30,"column":5}},"13":{"start":{"line":29,"column":6},"end":{"line":29,"column":69}},"14":{"start":{"line":32,"column":4},"end":{"line":43,"column":5}},"15":{"start":{"line":33,"column":30},"end":{"line":38,"column":8}},"16":{"start":{"line":39,"column":6},"end":{"line":39,"column":39}},"17":{"start":{"line":41,"column":6},"end":{"line":41,"column":27}},"18":{"start":{"line":42,"column":6},"end":{"line":42,"column":68}},"19":{"start":{"line":48,"column":0},"end":{"line":76,"column":2}},"20":{"start":{"line":58,"column":40},"end":{"line":75,"column":null}},"21":{"start":{"line":59,"column":17},"end":{"line":59,"column":27}},"22":{"start":{"line":60,"column":32},"end":{"line":60,"column":40}},"23":{"start":{"line":62,"column":4},"end":{"line":74,"column":5}},"24":{"start":{"line":63,"column":34},"end":{"line":69,"column":8}},"25":{"start":{"line":70,"column":6},"end":{"line":70,"column":43}},"26":{"start":{"line":72,"column":6},"end":{"line":72,"column":27}},"27":{"start":{"line":73,"column":6},"end":{"line":73,"column":68}},"28":{"start":{"line":79,"column":0},"end":{"line":100,"column":2}},"29":{"start":{"line":83,"column":40},"end":{"line":99,"column":null}},"30":{"start":{"line":84,"column":21},"end":{"line":84,"column":31}},"31":{"start":{"line":86,"column":4},"end":{"line":98,"column":5}},"32":{"start":{"line":87,"column":27},"end":{"line":93,"column":8}},"33":{"start":{"line":94,"column":6},"end":{"line":94,"column":36}},"34":{"start":{"line":96,"column":6},"end":{"line":96,"column":27}},"35":{"start":{"line":97,"column":6},"end":{"line":97,"column":68}},"36":{"start":{"line":102,"column":0},"end":{"line":102,"column":22}}},"fnMap":{"0":{"name":"(anonymous_8)","decl":{"start":{"line":8,"column":31},"end":{"line":8,"column":null}},"loc":{"start":{"line":12,"column":4},"end":{"line":18,"column":1}}},"1":{"name":"(anonymous_9)","decl":{"start":{"line":25,"column":2},"end":{"line":25,"column":9}},"loc":{"start":{"line":25,"column":40},"end":{"line":44,"column":null}}},"2":{"name":"(anonymous_10)","decl":{"start":{"line":25,"column":40},"end":{"line":25,"column":null}},"loc":{"start":{"line":25,"column":40},"end":{"line":44,"column":3}}},"3":{"name":"(anonymous_11)","decl":{"start":{"line":58,"column":2},"end":{"line":58,"column":9}},"loc":{"start":{"line":58,"column":40},"end":{"line":75,"column":null}}},"4":{"name":"(anonymous_12)","decl":{"start":{"line":58,"column":40},"end":{"line":58,"column":null}},"loc":{"start":{"line":58,"column":40},"end":{"line":75,"column":3}}},"5":{"name":"(anonymous_13)","decl":{"start":{"line":83,"column":2},"end":{"line":83,"column":9}},"loc":{"start":{"line":83,"column":40},"end":{"line":99,"column":null}}},"6":{"name":"(anonymous_14)","decl":{"start":{"line":83,"column":40},"end":{"line":83,"column":null}},"loc":{"start":{"line":83,"column":40},"end":{"line":99,"column":3}}}},"branchMap":{"0":{"loc":{"start":{"line":14,"column":2},"end":{"line":16,"column":3}},"type":"if","locations":[{"start":{"line":14,"column":2},"end":{"line":16,"column":3}}]},"1":{"loc":{"start":{"line":28,"column":4},"end":{"line":30,"column":5}},"type":"if","locations":[{"start":{"line":28,"column":4},"end":{"line":30,"column":5}}]},"2":{"loc":{"start":{"line":28,"column":8},"end":{"line":28,"column":53}},"type":"binary-expr","locations":[{"start":{"line":28,"column":8},"end":{"line":28,"column":26}},{"start":{"line":28,"column":30},"end":{"line":28,"column":53}}]}},"s":{"0":1,"1":1,"2":1,"3":1,"4":1,"5":7,"6":7,"7":6,"8":1,"9":1,"10":0,"11":0,"12":0,"13":0,"14":0,"15":0,"16":0,"17":0,"18":0,"19":1,"20":0,"21":0,"22":0,"23":0,"24":0,"25":0,"26":0,"27":0,"28":1,"29":1,"30":1,"31":1,"32":1,"33":1,"34":0,"35":0,"36":1},"f":{"0":7,"1":0,"2":0,"3":0,"4":0,"5":1,"6":1},"b":{"0":[6],"1":[0],"2":[0,0]}}
,"C:\\Users\\Miha\\Desktop\\RegistriranaVozilaPoMesecih\\backend\\src\\routes\\tripRoutes.ts": {"path":"C:\\Users\\Miha\\Desktop\\RegistriranaVozilaPoMesecih\\backend\\src\\routes\\tripRoutes.ts","statementMap":{"0":{"start":{"line":1,"column":0},"end":{"line":1,"column":50}},"1":{"start":{"line":2,"column":0},"end":{"line":2,"column":38}},"2":{"start":{"line":3,"column":0},"end":{"line":3,"column":64}},"3":{"start":{"line":5,"column":15},"end":{"line":5,"column":23}},"4":{"start":{"line":8,"column":31},"end":{"line":18,"column":1}},"5":{"start":{"line":13,"column":17},"end":{"line":13,"column":38}},"6":{"start":{"line":14,"column":2},"end":{"line":16,"column":3}},"7":{"start":{"line":15,"column":4},"end":{"line":15,"column":58}},"8":{"start":{"line":17,"column":2},"end":{"line":17,"column":9}},"9":{"start":{"line":21,"column":0},"end":{"line":43,"column":2}},"10":{"start":{"line":25,"column":40},"end":{"line":42,"column":null}},"11":{"start":{"line":26,"column":24},"end":{"line":26,"column":32}},"12":{"start":{"line":28,"column":4},"end":{"line":41,"column":5}},"13":{"start":{"line":29,"column":22},"end":{"line":35,"column":8}},"14":{"start":{"line":37,"column":6},"end":{"line":37,"column":58}},"15":{"start":{"line":39,"column":6},"end":{"line":39,"column":27}},"16":{"start":{"line":40,"column":6},"end":{"line":40,"column":68}},"17":{"start":{"line":46,"column":0},"end":{"line":67,"column":2}},"18":{"start":{"line":48,"column":40},"end":{"line":66,"column":null}},"19":{"start":{"line":53,"column":50},"end":{"line":53,"column":58}},"20":{"start":{"line":54,"column":20},"end":{"line":54,"column":30}},"21":{"start":{"line":55,"column":4},"end":{"line":65,"column":5}},"22":{"start":{"line":56,"column":26},"end":{"line":59,"column":8}},"23":{"start":{"line":61,"column":6},"end":{"line":61,"column":35}},"24":{"start":{"line":63,"column":6},"end":{"line":63,"column":27}},"25":{"start":{"line":64,"column":6},"end":{"line":64,"column":68}},"26":{"start":{"line":69,"column":0},"end":{"line":91,"column":3}},"27":{"start":{"line":69,"column":69},"end":{"line":91,"column":2}},"28":{"start":{"line":70,"column":31},"end":{"line":70,"column":39}},"29":{"start":{"line":72,"column":2},"end":{"line":74,"column":3}},"30":{"start":{"line":73,"column":4},"end":{"line":73,"column":91}},"31":{"start":{"line":76,"column":2},"end":{"line":90,"column":3}},"32":{"start":{"line":77,"column":4},"end":{"line":84,"column":7}},"33":{"start":{"line":86,"column":4},"end":{"line":86,"column":58}},"34":{"start":{"line":88,"column":4},"end":{"line":88,"column":25}},"35":{"start":{"line":89,"column":4},"end":{"line":89,"column":65}},"36":{"start":{"line":94,"column":0},"end":{"line":116,"column":2}},"37":{"start":{"line":98,"column":40},"end":{"line":115,"column":null}},"38":{"start":{"line":99,"column":21},"end":{"line":99,"column":31}},"39":{"start":{"line":101,"column":4},"end":{"line":114,"column":5}},"40":{"start":{"line":102,"column":19},"end":{"line":108,"column":8}},"41":{"start":{"line":110,"column":6},"end":{"line":110,"column":28}},"42":{"start":{"line":112,"column":6},"end":{"line":112,"column":27}},"43":{"start":{"line":113,"column":6},"end":{"line":113,"column":68}},"44":{"start":{"line":118,"column":0},"end":{"line":118,"column":22}}},"fnMap":{"0":{"name":"(anonymous_8)","decl":{"start":{"line":8,"column":31},"end":{"line":8,"column":null}},"loc":{"start":{"line":12,"column":4},"end":{"line":18,"column":1}}},"1":{"name":"(anonymous_9)","decl":{"start":{"line":25,"column":2},"end":{"line":25,"column":9}},"loc":{"start":{"line":25,"column":40},"end":{"line":42,"column":null}}},"2":{"name":"(anonymous_10)","decl":{"start":{"line":25,"column":40},"end":{"line":25,"column":null}},"loc":{"start":{"line":25,"column":40},"end":{"line":42,"column":3}}},"3":{"name":"(anonymous_11)","decl":{"start":{"line":48,"column":2},"end":{"line":48,"column":9}},"loc":{"start":{"line":48,"column":40},"end":{"line":66,"column":null}}},"4":{"name":"(anonymous_12)","decl":{"start":{"line":48,"column":40},"end":{"line":48,"column":null}},"loc":{"start":{"line":48,"column":40},"end":{"line":66,"column":3}}},"5":{"name":"(anonymous_13)","decl":{"start":{"line":69,"column":31},"end":{"line":69,"column":38}},"loc":{"start":{"line":69,"column":69},"end":{"line":91,"column":2}}},"6":{"name":"(anonymous_14)","decl":{"start":{"line":69,"column":69},"end":{"line":69,"column":null}},"loc":{"start":{"line":69,"column":69},"end":{"line":91,"column":1}}},"7":{"name":"(anonymous_15)","decl":{"start":{"line":98,"column":2},"end":{"line":98,"column":9}},"loc":{"start":{"line":98,"column":40},"end":{"line":115,"column":null}}},"8":{"name":"(anonymous_16)","decl":{"start":{"line":98,"column":40},"end":{"line":98,"column":null}},"loc":{"start":{"line":98,"column":40},"end":{"line":115,"column":3}}}},"branchMap":{"0":{"loc":{"start":{"line":14,"column":2},"end":{"line":16,"column":3}},"type":"if","locations":[{"start":{"line":14,"column":2},"end":{"line":16,"column":3}}]},"1":{"loc":{"start":{"line":53,"column":19},"end":{"line":53,"column":32}},"type":"default-arg","locations":[{"start":{"line":53,"column":30},"end":{"line":53,"column":32}}]},"2":{"loc":{"start":{"line":72,"column":2},"end":{"line":74,"column":3}},"type":"if","locations":[{"start":{"line":72,"column":2},"end":{"line":74,"column":3}}]},"3":{"loc":{"start":{"line":72,"column":6},"end":{"line":72,"column":55}},"type":"binary-expr","locations":[{"start":{"line":72,"column":6},"end":{"line":72,"column":13}},{"start":{"line":72,"column":17},"end":{"line":72,"column":34}},{"start":{"line":72,"column":38},"end":{"line":72,"column":55}}]}},"s":{"0":1,"1":1,"2":1,"3":1,"4":1,"5":4,"6":4,"7":3,"8":1,"9":1,"10":0,"11":0,"12":0,"13":0,"14":0,"15":0,"16":0,"17":1,"18":0,"19":0,"20":0,"21":0,"22":0,"23":0,"24":0,"25":0,"26":1,"27":1,"28":1,"29":1,"30":1,"31":0,"32":0,"33":0,"34":0,"35":0,"36":1,"37":1,"38":1,"39":1,"40":1,"41":1,"42":0,"43":0,"44":1},"f":{"0":4,"1":0,"2":0,"3":0,"4":0,"5":1,"6":1,"7":1,"8":1},"b":{"0":[3],"1":[0],"2":[1],"3":[1,0,0]}}
,"C:\\Users\\Miha\\Desktop\\RegistriranaVozilaPoMesecih\\backend\\src\\routes\\userRoutes.ts": {"path":"C:\\Users\\Miha\\Desktop\\RegistriranaVozilaPoMesecih\\backend\\src\\routes\\userRoutes.ts","statementMap":{"0":{"start":{"line":1,"column":0},"end":{"line":1,"column":73}},"1":{"start":{"line":2,"column":0},"end":{"line":2,"column":30}},"2":{"start":{"line":3,"column":0},"end":{"line":3,"column":45}},"3":{"start":{"line":4,"column":0},"end":{"line":4,"column":38}},"4":{"start":{"line":5,"column":0},"end":{"line":5,"column":57}},"5":{"start":{"line":6,"column":0},"end":{"line":6,"column":28}},"6":{"start":{"line":7,"column":0},"end":{"line":7,"column":24}},"7":{"start":{"line":9,"column":15},"end":{"line":9,"column":23}},"8":{"start":{"line":12,"column":16},"end":{"line":24,"column":2}},"9":{"start":{"line":14,"column":4},"end":{"line":14,"column":25}},"10":{"start":{"line":17,"column":25},"end":{"line":17,"column":75}},"11":{"start":{"line":18,"column":20},"end":{"line":18,"column":51}},"12":{"start":{"line":19,"column":4},"end":{"line":21,"column":5}},"13":{"start":{"line":20,"column":6},"end":{"line":20,"column":25}},"14":{"start":{"line":22,"column":4},"end":{"line":22,"column":44}},"15":{"start":{"line":26,"column":15},"end":{"line":28,"column":2}},"16":{"start":{"line":31,"column":0},"end":{"line":81,"column":2}},"17":{"start":{"line":42,"column":40},"end":{"line":80,"column":null}},"18":{"start":{"line":43,"column":19},"end":{"line":43,"column":40}},"19":{"start":{"line":44,"column":4},"end":{"line":46,"column":5}},"20":{"start":{"line":45,"column":6},"end":{"line":45,"column":60}},"21":{"start":{"line":48,"column":51},"end":{"line":48,"column":59}},"22":{"start":{"line":49,"column":22},"end":{"line":49,"column":30}},"23":{"start":{"line":51,"column":4},"end":{"line":79,"column":5}},"24":{"start":{"line":52,"column":29},"end":{"line":52,"column":60}},"25":{"start":{"line":53,"column":23},"end":{"line":55,"column":14}},"26":{"start":{"line":57,"column":22},"end":{"line":65,"column":8}},"27":{"start":{"line":67,"column":20},"end":{"line":69,"column":8}},"28":{"start":{"line":71,"column":6},"end":{"line":75,"column":9}},"29":{"start":{"line":77,"column":6},"end":{"line":77,"column":27}},"30":{"start":{"line":78,"column":6},"end":{"line":78,"column":65}},"31":{"start":{"line":84,"column":0},"end":{"line":111,"column":2}},"32":{"start":{"line":87,"column":40},"end":{"line":110,"column":null}},"33":{"start":{"line":88,"column":21},"end":{"line":88,"column":29}},"34":{"start":{"line":89,"column":22},"end":{"line":89,"column":30}},"35":{"start":{"line":91,"column":4},"end":{"line":95,"column":5}},"36":{"start":{"line":92,"column":6},"end":{"line":94,"column":62}},"37":{"start":{"line":97,"column":4},"end":{"line":109,"column":5}},"38":{"start":{"line":98,"column":23},"end":{"line":98,"column":48}},"39":{"start":{"line":100,"column":6},"end":{"line":103,"column":9}},"40":{"start":{"line":105,"column":6},"end":{"line":105,"column":79}},"41":{"start":{"line":107,"column":6},"end":{"line":107,"column":27}},"42":{"start":{"line":108,"column":6},"end":{"line":108,"column":67}},"43":{"start":{"line":114,"column":0},"end":{"line":155,"column":2}},"44":{"start":{"line":120,"column":40},"end":{"line":154,"column":null}},"45":{"start":{"line":121,"column":19},"end":{"line":121,"column":40}},"46":{"start":{"line":122,"column":4},"end":{"line":124,"column":5}},"47":{"start":{"line":123,"column":6},"end":{"line":123,"column":60}},"48":{"start":{"line":126,"column":30},"end":{"line":126,"column":38}},"49":{"start":{"line":128,"column":4},"end":{"line":153,"column":5}},"50":{"start":{"line":129,"column":19},"end":{"line":131,"column":8}},"51":{"start":{"line":133,"column":6},"end":{"line":135,"column":7}},"52":{"start":{"line":134,"column":8},"end":{"line":134,"column":74}},"53":{"start":{"line":137,"column":30},"end":{"line":137,"column":75}},"54":{"start":{"line":138,"column":6},"end":{"line":140,"column":7}},"55":{"start":{"line":139,"column":8},"end":{"line":139,"column":74}},"56":{"start":{"line":141,"column":20},"end":{"line":146,"column":null}},"57":{"start":{"line":149,"column":6},"end":{"line":149,"column":41}},"58":{"start":{"line":151,"column":6},"end":{"line":151,"column":27}},"59":{"start":{"line":152,"column":6},"end":{"line":152,"column":56}},"60":{"start":{"line":157,"column":0},"end":{"line":190,"column":2}},"61":{"start":{"line":160,"column":40},"end":{"line":189,"column":null}},"62":{"start":{"line":161,"column":21},"end":{"line":161,"column":29}},"63":{"start":{"line":162,"column":22},"end":{"line":162,"column":30}},"64":{"start":{"line":164,"column":4},"end":{"line":168,"column":5}},"65":{"start":{"line":165,"column":6},"end":{"line":167,"column":62}},"66":{"start":{"line":169,"column":4},"end":{"line":188,"column":5}},"67":{"start":{"line":170,"column":23},"end":{"line":170,"column":75}},"68":{"start":{"line":172,"column":6},"end":{"line":175,"column":9}},"69":{"start":{"line":177,"column":20},"end":{"line":182,"column":null}},"70":{"start":{"line":184,"column":6},"end":{"line":184,"column":76}},"71":{"start":{"line":186,"column":6},"end":{"line":186,"column":27}},"72":{"start":{"line":187,"column":6},"end":{"line":187,"column":67}},"73":{"start":{"line":192,"column":0},"end":{"line":200,"column":3}},"74":{"start":{"line":192,"column":35},"end":{"line":200,"column":2}},"75":{"start":{"line":193,"column":2},"end":{"line":199,"column":3}},"76":{"start":{"line":194,"column":18},"end":{"line":194,"column":46}},"77":{"start":{"line":195,"column":4},"end":{"line":195,"column":20}},"78":{"start":{"line":197,"column":4},"end":{"line":197,"column":25}},"79":{"start":{"line":198,"column":4},"end":{"line":198,"column":59}},"80":{"start":{"line":207,"column":2},"end":{"line":207,"column":80}},"81":{"start":{"line":210,"column":26},"end":{"line":229,"column":1}},"82":{"start":{"line":215,"column":21},"end":{"line":215,"column":49}},"83":{"start":{"line":216,"column":16},"end":{"line":216,"column":54}},"84":{"start":{"line":217,"column":2},"end":{"line":217,"column":41}},"85":{"start":{"line":217,"column":14},"end":{"line":217,"column":41}},"86":{"start":{"line":219,"column":2},"end":{"line":228,"column":5}},"87":{"start":{"line":220,"column":4},"end":{"line":220,"column":40}},"88":{"start":{"line":220,"column":13},"end":{"line":220,"column":40}},"89":{"start":{"line":222,"column":4},"end":{"line":227,"column":5}},"90":{"start":{"line":223,"column":6},"end":{"line":223,"column":44}},"91":{"start":{"line":224,"column":6},"end":{"line":224,"column":13}},"92":{"start":{"line":226,"column":6},"end":{"line":226,"column":26}},"93":{"start":{"line":231,"column":0},"end":{"line":272,"column":2}},"94":{"start":{"line":234,"column":53},"end":{"line":271,"column":null}},"95":{"start":{"line":235,"column":4},"end":{"line":239,"column":5}},"96":{"start":{"line":236,"column":6},"end":{"line":238,"column":69}},"97":{"start":{"line":240,"column":4},"end":{"line":270,"column":5}},"98":{"start":{"line":241,"column":19},"end":{"line":260,"column":8}},"99":{"start":{"line":261,"column":6},"end":{"line":261,"column":24}},"100":{"start":{"line":263,"column":6},"end":{"line":265,"column":7}},"101":{"start":{"line":264,"column":8},"end":{"line":264,"column":65}},"102":{"start":{"line":266,"column":6},"end":{"line":266,"column":21}},"103":{"start":{"line":268,"column":6},"end":{"line":268,"column":60}},"104":{"start":{"line":269,"column":6},"end":{"line":269,"column":77}},"105":{"start":{"line":274,"column":0},"end":{"line":308,"column":2}},"106":{"start":{"line":277,"column":53},"end":{"line":307,"column":null}},"107":{"start":{"line":278,"column":24},"end":{"line":278,"column":32}},"108":{"start":{"line":280,"column":4},"end":{"line":284,"column":5}},"109":{"start":{"line":281,"column":6},"end":{"line":283,"column":69}},"110":{"start":{"line":286,"column":4},"end":{"line":306,"column":5}},"111":{"start":{"line":287,"column":22},"end":{"line":289,"column":8}},"112":{"start":{"line":291,"column":6},"end":{"line":293,"column":7}},"113":{"start":{"line":292,"column":8},"end":{"line":292,"column":68}},"114":{"start":{"line":295,"column":29},"end":{"line":298,"column":8}},"115":{"start":{"line":300,"column":6},"end":{"line":302,"column":75}},"116":{"start":{"line":304,"column":6},"end":{"line":304,"column":61}},"117":{"start":{"line":305,"column":6},"end":{"line":305,"column":78}},"118":{"start":{"line":310,"column":0},"end":{"line":310,"column":22}}},"fnMap":{"0":{"name":"(anonymous_8)","decl":{"start":{"line":13,"column":15},"end":{"line":13,"column":16}},"loc":{"start":{"line":13,"column":33},"end":{"line":15,"column":3}}},"1":{"name":"(anonymous_9)","decl":{"start":{"line":16,"column":12},"end":{"line":16,"column":13}},"loc":{"start":{"line":16,"column":30},"end":{"line":23,"column":3}}},"2":{"name":"(anonymous_10)","decl":{"start":{"line":42,"column":2},"end":{"line":42,"column":9}},"loc":{"start":{"line":42,"column":40},"end":{"line":80,"column":null}}},"3":{"name":"(anonymous_11)","decl":{"start":{"line":42,"column":40},"end":{"line":42,"column":null}},"loc":{"start":{"line":42,"column":40},"end":{"line":80,"column":3}}},"4":{"name":"(anonymous_12)","decl":{"start":{"line":87,"column":2},"end":{"line":87,"column":9}},"loc":{"start":{"line":87,"column":40},"end":{"line":110,"column":null}}},"5":{"name":"(anonymous_13)","decl":{"start":{"line":87,"column":40},"end":{"line":87,"column":null}},"loc":{"start":{"line":87,"column":40},"end":{"line":110,"column":3}}},"6":{"name":"(anonymous_14)","decl":{"start":{"line":120,"column":2},"end":{"line":120,"column":9}},"loc":{"start":{"line":120,"column":40},"end":{"line":154,"column":null}}},"7":{"name":"(anonymous_15)","decl":{"start":{"line":120,"column":40},"end":{"line":120,"column":null}},"loc":{"start":{"line":120,"column":40},"end":{"line":154,"column":3}}},"8":{"name":"(anonymous_16)","decl":{"start":{"line":160,"column":2},"end":{"line":160,"column":9}},"loc":{"start":{"line":160,"column":40},"end":{"line":189,"column":null}}},"9":{"name":"(anonymous_17)","decl":{"start":{"line":160,"column":40},"end":{"line":160,"column":null}},"loc":{"start":{"line":160,"column":40},"end":{"line":189,"column":3}}},"10":{"name":"(anonymous_18)","decl":{"start":{"line":192,"column":16},"end":{"line":192,"column":23}},"loc":{"start":{"line":192,"column":35},"end":{"line":200,"column":2}}},"11":{"name":"(anonymous_19)","decl":{"start":{"line":192,"column":35},"end":{"line":192,"column":null}},"loc":{"start":{"line":192,"column":35},"end":{"line":200,"column":1}}},"12":{"name":"isJwtPayload","decl":{"start":{"line":206,"column":9},"end":{"line":206,"column":21}},"loc":{"start":{"line":206,"column":38},"end":{"line":208,"column":1}}},"13":{"name":"(anonymous_21)","decl":{"start":{"line":210,"column":26},"end":{"line":210,"column":null}},"loc":{"start":{"line":214,"column":4},"end":{"line":229,"column":1}}},"14":{"name":"(anonymous_22)","decl":{"start":{"line":219,"column":53},"end":{"line":219,"column":54}},"loc":{"start":{"line":219,"column":70},"end":{"line":228,"column":3}}},"15":{"name":"(anonymous_23)","decl":{"start":{"line":234,"column":2},"end":{"line":234,"column":9}},"loc":{"start":{"line":234,"column":53},"end":{"line":271,"column":null}}},"16":{"name":"(anonymous_24)","decl":{"start":{"line":234,"column":53},"end":{"line":234,"column":null}},"loc":{"start":{"line":234,"column":53},"end":{"line":271,"column":3}}},"17":{"name":"(anonymous_25)","decl":{"start":{"line":277,"column":2},"end":{"line":277,"column":9}},"loc":{"start":{"line":277,"column":53},"end":{"line":307,"column":null}}},"18":{"name":"(anonymous_26)","decl":{"start":{"line":277,"column":53},"end":{"line":277,"column":null}},"loc":{"start":{"line":277,"column":53},"end":{"line":307,"column":3}}}},"branchMap":{"0":{"loc":{"start":{"line":19,"column":4},"end":{"line":21,"column":5}},"type":"if","locations":[{"start":{"line":19,"column":4},"end":{"line":21,"column":5}}]},"1":{"loc":{"start":{"line":44,"column":4},"end":{"line":46,"column":5}},"type":"if","locations":[{"start":{"line":44,"column":4},"end":{"line":46,"column":5}}]},"2":{"loc":{"start":{"line":53,"column":23},"end":{"line":55,"column":14}},"type":"cond-expr","locations":[{"start":{"line":54,"column":10},"end":{"line":54,"column":62}},{"start":{"line":55,"column":10},"end":{"line":55,"column":14}}]},"3":{"loc":{"start":{"line":91,"column":4},"end":{"line":95,"column":5}},"type":"if","locations":[{"start":{"line":91,"column":4},"end":{"line":95,"column":5}}]},"4":{"loc":{"start":{"line":91,"column":8},"end":{"line":91,"column":29}},"type":"binary-expr","locations":[{"start":{"line":91,"column":8},"end":{"line":91,"column":15}},{"start":{"line":91,"column":19},"end":{"line":91,"column":29}}]},"5":{"loc":{"start":{"line":122,"column":4},"end":{"line":124,"column":5}},"type":"if","locations":[{"start":{"line":122,"column":4},"end":{"line":124,"column":5}}]},"6":{"loc":{"start":{"line":133,"column":6},"end":{"line":135,"column":7}},"type":"if","locations":[{"start":{"line":133,"column":6},"end":{"line":135,"column":7}}]},"7":{"loc":{"start":{"line":133,"column":10},"end":{"line":133,"column":33}},"type":"binary-expr","locations":[{"start":{"line":133,"column":10},"end":{"line":133,"column":15}},{"start":{"line":133,"column":19},"end":{"line":133,"column":33}}]},"8":{"loc":{"start":{"line":138,"column":6},"end":{"line":140,"column":7}},"type":"if","locations":[{"start":{"line":138,"column":6},"end":{"line":140,"column":7}}]},"9":{"loc":{"start":{"line":164,"column":4},"end":{"line":168,"column":5}},"type":"if","locations":[{"start":{"line":164,"column":4},"end":{"line":168,"column":5}}]},"10":{"loc":{"start":{"line":164,"column":8},"end":{"line":164,"column":29}},"type":"binary-expr","locations":[{"start":{"line":164,"column":8},"end":{"line":164,"column":15}},{"start":{"line":164,"column":19},"end":{"line":164,"column":29}}]},"11":{"loc":{"start":{"line":207,"column":9},"end":{"line":207,"column":79}},"type":"binary-expr","locations":[{"start":{"line":207,"column":9},"end":{"line":207,"column":36}},{"start":{"line":207,"column":40},"end":{"line":207,"column":56}},{"start":{"line":207,"column":60},"end":{"line":207,"column":79}}]},"12":{"loc":{"start":{"line":216,"column":16},"end":{"line":216,"column":54}},"type":"binary-expr","locations":[{"start":{"line":216,"column":16},"end":{"line":216,"column":26}},{"start":{"line":216,"column":30},"end":{"line":216,"column":54}}]},"13":{"loc":{"start":{"line":217,"column":2},"end":{"line":217,"column":41}},"type":"if","locations":[{"start":{"line":217,"column":2},"end":{"line":217,"column":41}}]},"14":{"loc":{"start":{"line":220,"column":4},"end":{"line":220,"column":40}},"type":"if","locations":[{"start":{"line":220,"column":4},"end":{"line":220,"column":40}}]},"15":{"loc":{"start":{"line":222,"column":4},"end":{"line":227,"column":5}},"type":"if","locations":[{"start":{"line":222,"column":4},"end":{"line":227,"column":5}},{"start":{"line":225,"column":11},"end":{"line":227,"column":5}}]},"16":{"loc":{"start":{"line":235,"column":4},"end":{"line":239,"column":5}},"type":"if","locations":[{"start":{"line":235,"column":4},"end":{"line":239,"column":5}}]},"17":{"loc":{"start":{"line":263,"column":6},"end":{"line":265,"column":7}},"type":"if","locations":[{"start":{"line":263,"column":6},"end":{"line":265,"column":7}}]},"18":{"loc":{"start":{"line":280,"column":4},"end":{"line":284,"column":5}},"type":"if","locations":[{"start":{"line":280,"column":4},"end":{"line":284,"column":5}}]},"19":{"loc":{"start":{"line":291,"column":6},"end":{"line":293,"column":7}},"type":"if","locations":[{"start":{"line":291,"column":6},"end":{"line":293,"column":7}}]}},"s":{"0":1,"1":1,"2":1,"3":1,"4":1,"5":1,"6":1,"7":1,"8":1,"9":0,"10":0,"11":0,"12":0,"13":0,"14":0,"15":1,"16":1,"17":0,"18":0,"19":0,"20":0,"21":0,"22":0,"23":0,"24":0,"25":0,"26":0,"27":0,"28":0,"29":0,"30":0,"31":1,"32":0,"33":0,"34":0,"35":0,"36":0,"37":0,"38":0,"39":0,"40":0,"41":0,"42":0,"43":1,"44":0,"45":0,"46":0,"47":0,"48":0,"49":0,"50":0,"51":0,"52":0,"53":0,"54":0,"55":0,"56":0,"57":0,"58":0,"59":0,"60":1,"61":0,"62":0,"63":0,"64":0,"65":0,"66":0,"67":0,"68":0,"69":0,"70":0,"71":0,"72":0,"73":1,"74":0,"75":0,"76":0,"77":0,"78":0,"79":0,"80":1,"81":1,"82":1,"83":1,"84":1,"85":0,"86":1,"87":1,"88":0,"89":1,"90":1,"91":1,"92":0,"93":1,"94":1,"95":1,"96":0,"97":1,"98":1,"99":1,"100":1,"101":0,"102":1,"103":0,"104":0,"105":1,"106":0,"107":0,"108":0,"109":0,"110":0,"111":0,"112":0,"113":0,"114":0,"115":0,"116":0,"117":0,"118":1},"f":{"0":0,"1":0,"2":0,"3":0,"4":0,"5":0,"6":0,"7":0,"8":0,"9":0,"10":0,"11":0,"12":1,"13":1,"14":1,"15":1,"16":1,"17":0,"18":0},"b":{"0":[0],"1":[0],"2":[0,0],"3":[0],"4":[0,0],"5":[0],"6":[0],"7":[0,0],"8":[0],"9":[0],"10":[0,0],"11":[1,1,1],"12":[1,1],"13":[0],"14":[0],"15":[1,0],"16":[0],"17":[0],"18":[0],"19":[0]}}
,"C:\\Users\\Miha\\Desktop\\RegistriranaVozilaPoMesecih\\backend\\src\\routes\\vehicleRoutes.ts": {"path":"C:\\Users\\Miha\\Desktop\\RegistriranaVozilaPoMesecih\\backend\\src\\routes\\vehicleRoutes.ts","statementMap":{"0":{"start":{"line":1,"column":0},"end":{"line":1,"column":64}},"1":{"start":{"line":2,"column":0},"end":{"line":2,"column":38}},"2":{"start":{"line":3,"column":0},"end":{"line":3,"column":57}},"3":{"start":{"line":4,"column":0},"end":{"line":4,"column":47}},"4":{"start":{"line":5,"column":15},"end":{"line":5,"column":23}},"5":{"start":{"line":7,"column":0},"end":{"line":223,"column":2}},"6":{"start":{"line":75,"column":40},"end":{"line":222,"column":null}},"7":{"start":{"line":76,"column":19},"end":{"line":76,"column":40}},"8":{"start":{"line":77,"column":4},"end":{"line":79,"column":5}},"9":{"start":{"line":78,"column":6},"end":{"line":78,"column":60}},"10":{"start":{"line":112,"column":32},"end":{"line":112,"column":40}},"11":{"start":{"line":114,"column":4},"end":{"line":221,"column":5}},"12":{"start":{"line":116,"column":19},"end":{"line":116,"column":57}},"13":{"start":{"line":116,"column":45},"end":{"line":116,"column":56}},"14":{"start":{"line":119,"column":31},"end":{"line":122,"column":8}},"15":{"start":{"line":125,"column":27},"end":{"line":126,"column":null}},"16":{"start":{"line":126,"column":36},"end":{"line":126,"column":47}},"17":{"start":{"line":130,"column":26},"end":{"line":131,"column":null}},"18":{"start":{"line":131,"column":21},"end":{"line":131,"column":56}},"19":{"start":{"line":135,"column":6},"end":{"line":168,"column":7}},"20":{"start":{"line":136,"column":8},"end":{"line":167,"column":11}},"21":{"start":{"line":137,"column":46},"end":{"line":166,"column":12}},"22":{"start":{"line":171,"column":30},"end":{"line":207,"column":null}},"23":{"start":{"line":173,"column":31},"end":{"line":173,"column":65}},"24":{"start":{"line":175,"column":12},"end":{"line":206,"column":14}},"25":{"start":{"line":210,"column":6},"end":{"line":213,"column":9}},"26":{"start":{"line":214,"column":6},"end":{"line":217,"column":9}},"27":{"start":{"line":219,"column":6},"end":{"line":219,"column":27}},"28":{"start":{"line":220,"column":6},"end":{"line":220,"column":68}},"29":{"start":{"line":409,"column":0},"end":{"line":421,"column":3}},"30":{"start":{"line":409,"column":54},"end":{"line":421,"column":2}},"31":{"start":{"line":410,"column":2},"end":{"line":420,"column":3}},"32":{"start":{"line":411,"column":37},"end":{"line":411,"column":46}},"33":{"start":{"line":412,"column":21},"end":{"line":415,"column":6}},"34":{"start":{"line":416,"column":4},"end":{"line":416,"column":30}},"35":{"start":{"line":418,"column":4},"end":{"line":418,"column":25}},"36":{"start":{"line":419,"column":4},"end":{"line":419,"column":66}},"37":{"start":{"line":427,"column":2},"end":{"line":427,"column":80}},"38":{"start":{"line":430,"column":26},"end":{"line":449,"column":1}},"39":{"start":{"line":435,"column":21},"end":{"line":435,"column":49}},"40":{"start":{"line":436,"column":16},"end":{"line":436,"column":54}},"41":{"start":{"line":437,"column":2},"end":{"line":437,"column":41}},"42":{"start":{"line":437,"column":14},"end":{"line":437,"column":41}},"43":{"start":{"line":439,"column":2},"end":{"line":448,"column":5}},"44":{"start":{"line":440,"column":4},"end":{"line":440,"column":40}},"45":{"start":{"line":440,"column":13},"end":{"line":440,"column":40}},"46":{"start":{"line":442,"column":4},"end":{"line":447,"column":5}},"47":{"start":{"line":443,"column":6},"end":{"line":443,"column":44}},"48":{"start":{"line":444,"column":6},"end":{"line":444,"column":13}},"49":{"start":{"line":446,"column":6},"end":{"line":446,"column":26}},"50":{"start":{"line":451,"column":0},"end":{"line":472,"column":3}},"51":{"start":{"line":451,"column":90},"end":{"line":472,"column":2}},"52":{"start":{"line":452,"column":2},"end":{"line":471,"column":3}},"53":{"start":{"line":454,"column":19},"end":{"line":454,"column":29}},"54":{"start":{"line":456,"column":21},"end":{"line":465,"column":6}},"55":{"start":{"line":467,"column":4},"end":{"line":467,"column":30}},"56":{"start":{"line":469,"column":4},"end":{"line":469,"column":25}},"57":{"start":{"line":470,"column":4},"end":{"line":470,"column":68}},"58":{"start":{"line":474,"column":0},"end":{"line":474,"column":22}}},"fnMap":{"0":{"name":"(anonymous_8)","decl":{"start":{"line":75,"column":2},"end":{"line":75,"column":9}},"loc":{"start":{"line":75,"column":40},"end":{"line":222,"column":null}}},"1":{"name":"(anonymous_9)","decl":{"start":{"line":75,"column":40},"end":{"line":75,"column":null}},"loc":{"start":{"line":75,"column":40},"end":{"line":222,"column":3}}},"2":{"name":"(anonymous_10)","decl":{"start":{"line":116,"column":32},"end":{"line":116,"column":33}},"loc":{"start":{"line":116,"column":45},"end":{"line":116,"column":56}}},"3":{"name":"(anonymous_11)","decl":{"start":{"line":126,"column":8},"end":{"line":126,"column":9}},"loc":{"start":{"line":126,"column":36},"end":{"line":126,"column":47}}},"4":{"name":"(anonymous_12)","decl":{"start":{"line":131,"column":8},"end":{"line":131,"column":9}},"loc":{"start":{"line":131,"column":21},"end":{"line":131,"column":56}}},"5":{"name":"(anonymous_13)","decl":{"start":{"line":137,"column":32},"end":{"line":137,"column":33}},"loc":{"start":{"line":137,"column":46},"end":{"line":166,"column":12}}},"6":{"name":"(anonymous_14)","decl":{"start":{"line":173,"column":18},"end":{"line":173,"column":19}},"loc":{"start":{"line":173,"column":31},"end":{"line":173,"column":65}}},"7":{"name":"(anonymous_15)","decl":{"start":{"line":174,"column":15},"end":{"line":174,"column":16}},"loc":{"start":{"line":175,"column":12},"end":{"line":206,"column":14}}},"8":{"name":"(anonymous_16)","decl":{"start":{"line":409,"column":16},"end":{"line":409,"column":23}},"loc":{"start":{"line":409,"column":54},"end":{"line":421,"column":2}}},"9":{"name":"(anonymous_17)","decl":{"start":{"line":409,"column":54},"end":{"line":409,"column":null}},"loc":{"start":{"line":409,"column":54},"end":{"line":421,"column":1}}},"10":{"name":"isJwtPayload","decl":{"start":{"line":426,"column":9},"end":{"line":426,"column":21}},"loc":{"start":{"line":426,"column":38},"end":{"line":428,"column":1}}},"11":{"name":"(anonymous_19)","decl":{"start":{"line":430,"column":26},"end":{"line":430,"column":null}},"loc":{"start":{"line":434,"column":4},"end":{"line":449,"column":1}}},"12":{"name":"(anonymous_20)","decl":{"start":{"line":439,"column":53},"end":{"line":439,"column":54}},"loc":{"start":{"line":439,"column":70},"end":{"line":448,"column":3}}},"13":{"name":"(anonymous_21)","decl":{"start":{"line":451,"column":39},"end":{"line":451,"column":46}},"loc":{"start":{"line":451,"column":90},"end":{"line":472,"column":2}}},"14":{"name":"(anonymous_22)","decl":{"start":{"line":451,"column":90},"end":{"line":451,"column":null}},"loc":{"start":{"line":451,"column":90},"end":{"line":472,"column":1}}}},"branchMap":{"0":{"loc":{"start":{"line":77,"column":4},"end":{"line":79,"column":5}},"type":"if","locations":[{"start":{"line":77,"column":4},"end":{"line":79,"column":5}}]},"1":{"loc":{"start":{"line":135,"column":6},"end":{"line":168,"column":7}},"type":"if","locations":[{"start":{"line":135,"column":6},"end":{"line":168,"column":7}}]},"2":{"loc":{"start":{"line":411,"column":11},"end":{"line":411,"column":21}},"type":"default-arg","locations":[{"start":{"line":411,"column":19},"end":{"line":411,"column":21}}]},"3":{"loc":{"start":{"line":411,"column":23},"end":{"line":411,"column":33}},"type":"default-arg","locations":[{"start":{"line":411,"column":32},"end":{"line":411,"column":33}}]},"4":{"loc":{"start":{"line":427,"column":9},"end":{"line":427,"column":79}},"type":"binary-expr","locations":[{"start":{"line":427,"column":9},"end":{"line":427,"column":36}},{"start":{"line":427,"column":40},"end":{"line":427,"column":56}},{"start":{"line":427,"column":60},"end":{"line":427,"column":79}}]},"5":{"loc":{"start":{"line":436,"column":16},"end":{"line":436,"column":54}},"type":"binary-expr","locations":[{"start":{"line":436,"column":16},"end":{"line":436,"column":26}},{"start":{"line":436,"column":30},"end":{"line":436,"column":54}}]},"6":{"loc":{"start":{"line":437,"column":2},"end":{"line":437,"column":41}},"type":"if","locations":[{"start":{"line":437,"column":2},"end":{"line":437,"column":41}}]},"7":{"loc":{"start":{"line":440,"column":4},"end":{"line":440,"column":40}},"type":"if","locations":[{"start":{"line":440,"column":4},"end":{"line":440,"column":40}}]},"8":{"loc":{"start":{"line":442,"column":4},"end":{"line":447,"column":5}},"type":"if","locations":[{"start":{"line":442,"column":4},"end":{"line":447,"column":5}},{"start":{"line":445,"column":11},"end":{"line":447,"column":5}}]}},"s":{"0":1,"1":1,"2":1,"3":1,"4":1,"5":1,"6":2,"7":2,"8":2,"9":1,"10":1,"11":1,"12":1,"13":1,"14":1,"15":1,"16":1,"17":1,"18":1,"19":1,"20":0,"21":0,"22":1,"23":1,"24":1,"25":1,"26":1,"27":0,"28":0,"29":1,"30":1,"31":1,"32":1,"33":1,"34":1,"35":0,"36":0,"37":1,"38":1,"39":2,"40":2,"41":2,"42":1,"43":1,"44":1,"45":0,"46":1,"47":1,"48":1,"49":0,"50":1,"51":1,"52":1,"53":1,"54":1,"55":1,"56":0,"57":0,"58":1},"f":{"0":2,"1":2,"2":1,"3":1,"4":1,"5":0,"6":1,"7":1,"8":1,"9":1,"10":1,"11":2,"12":1,"13":1,"14":1},"b":{"0":[1],"1":[0],"2":[0],"3":[0],"4":[1,1,1],"5":[2,1],"6":[1],"7":[0],"8":[1,0]}}
,"C:\\Users\\Miha\\Desktop\\RegistriranaVozilaPoMesecih\\backend\\src\\scraper\\scraper.ts": {"path":"C:\\Users\\Miha\\Desktop\\RegistriranaVozilaPoMesecih\\backend\\src\\scraper\\scraper.ts","statementMap":{"0":{"start":{"line":1,"column":0},"end":{"line":1,"column":31}},"1":{"start":{"line":2,"column":0},"end":{"line":2,"column":30}},"2":{"start":{"line":3,"column":0},"end":{"line":3,"column":32}},"3":{"start":{"line":4,"column":0},"end":{"line":4,"column":32}},"4":{"start":{"line":5,"column":0},"end":{"line":5,"column":32}},"5":{"start":{"line":6,"column":0},"end":{"line":6,"column":31}},"6":{"start":{"line":8,"column":22},"end":{"line":8,"column":41}},"7":{"start":{"line":10,"column":19},"end":{"line":10,"column":22}},"8":{"start":{"line":12,"column":20},"end":{"line":115,"column":11}},"9":{"start":{"line":119,"column":30},"end":{"line":146,"column":2}},"10":{"start":{"line":119,"column":52},"end":{"line":146,"column":2}},"11":{"start":{"line":120,"column":2},"end":{"line":145,"column":3}},"12":{"start":{"line":121,"column":21},"end":{"line":121,"column":37}},"13":{"start":{"line":122,"column":4},"end":{"line":123,"column":68}},"14":{"start":{"line":123,"column":6},"end":{"line":123,"column":68}},"15":{"start":{"line":125,"column":17},"end":{"line":125,"column":38}},"16":{"start":{"line":126,"column":14},"end":{"line":126,"column":32}},"17":{"start":{"line":127,"column":28},"end":{"line":127,"column":30}},"18":{"start":{"line":129,"column":4},"end":{"line":139,"column":7}},"19":{"start":{"line":130,"column":26},"end":{"line":130,"column":54}},"20":{"start":{"line":131,"column":19},"end":{"line":131,"column":43}},"21":{"start":{"line":132,"column":6},"end":{"line":138,"column":7}},"22":{"start":{"line":137,"column":8},"end":{"line":137,"column":25}},"23":{"start":{"line":141,"column":4},"end":{"line":141,"column":17}},"24":{"start":{"line":143,"column":4},"end":{"line":143,"column":56}},"25":{"start":{"line":144,"column":4},"end":{"line":144,"column":14}},"26":{"start":{"line":149,"column":25},"end":{"line":167,"column":1}},"27":{"start":{"line":150,"column":2},"end":{"line":166,"column":3}},"28":{"start":{"line":151,"column":31},"end":{"line":153,"column":40}},"29":{"start":{"line":153,"column":21},"end":{"line":153,"column":39}},"30":{"start":{"line":154,"column":4},"end":{"line":156,"column":5}},"31":{"start":{"line":155,"column":6},"end":{"line":155,"column":38}},"32":{"start":{"line":157,"column":17},"end":{"line":157,"column":47}},"33":{"start":{"line":158,"column":4},"end":{"line":160,"column":5}},"34":{"start":{"line":159,"column":6},"end":{"line":159,"column":38}},"35":{"start":{"line":161,"column":20},"end":{"line":161,"column":52}},"36":{"start":{"line":162,"column":4},"end":{"line":162,"column":19}},"37":{"start":{"line":164,"column":4},"end":{"line":164,"column":65}},"38":{"start":{"line":165,"column":4},"end":{"line":165,"column":16}},"39":{"start":{"line":169,"column":24},"end":{"line":244,"column":2}},"40":{"start":{"line":169,"column":54},"end":{"line":244,"column":2}},"41":{"start":{"line":170,"column":2},"end":{"line":243,"column":3}},"42":{"start":{"line":171,"column":26},"end":{"line":215,"column":22}},"43":{"start":{"line":173,"column":38},"end":{"line":173,"column":76}},"44":{"start":{"line":174,"column":41},"end":{"line":175,"column":null}},"45":{"start":{"line":178,"column":8},"end":{"line":184,"column":9}},"46":{"start":{"line":179,"column":10},"end":{"line":182,"column":13}},"47":{"start":{"line":183,"column":10},"end":{"line":183,"column":22}},"48":{"start":{"line":186,"column":8},"end":{"line":213,"column":10}},"49":{"start":{"line":217,"column":4},"end":{"line":220,"column":5}},"50":{"start":{"line":218,"column":6},"end":{"line":218,"column":45}},"51":{"start":{"line":219,"column":6},"end":{"line":219,"column":13}},"52":{"start":{"line":224,"column":21},"end":{"line":230,"column":6}},"53":{"start":{"line":232,"column":4},"end":{"line":237,"column":5}},"54":{"start":{"line":233,"column":24},"end":{"line":233,"column":45}},"55":{"start":{"line":234,"column":6},"end":{"line":236,"column":8}},"56":{"start":{"line":239,"column":25},"end":{"line":239,"column":46}},"57":{"start":{"line":240,"column":4},"end":{"line":240,"column":58}},"58":{"start":{"line":242,"column":4},"end":{"line":242,"column":56}},"59":{"start":{"line":246,"column":22},"end":{"line":251,"column":2}},"60":{"start":{"line":246,"column":58},"end":{"line":251,"column":2}},"61":{"start":{"line":247,"column":2},"end":{"line":250,"column":3}},"62":{"start":{"line":247,"column":15},"end":{"line":247,"column":16}},"63":{"start":{"line":248,"column":18},"end":{"line":248,"column":53}},"64":{"start":{"line":249,"column":4},"end":{"line":249,"column":33}},"65":{"start":{"line":253,"column":28},"end":{"line":305,"column":2}},"66":{"start":{"line":253,"column":50},"end":{"line":305,"column":2}},"67":{"start":{"line":254,"column":2},"end":{"line":304,"column":3}},"68":{"start":{"line":255,"column":21},"end":{"line":255,"column":37}},"69":{"start":{"line":256,"column":4},"end":{"line":257,"column":68}},"70":{"start":{"line":257,"column":6},"end":{"line":257,"column":68}},"71":{"start":{"line":259,"column":25},"end":{"line":260,"column":null}},"72":{"start":{"line":263,"column":4},"end":{"line":301,"column":5}},"73":{"start":{"line":264,"column":40},"end":{"line":264,"column":42}},"74":{"start":{"line":266,"column":6},"end":{"line":298,"column":7}},"75":{"start":{"line":266,"column":32},"end":{"line":266,"column":44}},"76":{"start":{"line":266,"column":32},"end":{"line":266,"column":46}},"77":{"start":{"line":266,"column":28},"end":{"line":266,"column":32}},"78":{"start":{"line":267,"column":25},"end":{"line":267,"column":35}},"79":{"start":{"line":268,"column":8},"end":{"line":297,"column":9}},"80":{"start":{"line":269,"column":10},"end":{"line":269,"column":59}},"81":{"start":{"line":271,"column":10},"end":{"line":294,"column":12}},"82":{"start":{"line":279,"column":14},"end":{"line":281,"column":15}},"83":{"start":{"line":279,"column":41},"end":{"line":279,"column":47}},"84":{"start":{"line":279,"column":41},"end":{"line":279,"column":49}},"85":{"start":{"line":279,"column":37},"end":{"line":279,"column":41}},"86":{"start":{"line":280,"column":16},"end":{"line":280,"column":29}},"87":{"start":{"line":284,"column":14},"end":{"line":292,"column":15}},"88":{"start":{"line":284,"column":41},"end":{"line":284,"column":48}},"89":{"start":{"line":284,"column":41},"end":{"line":284,"column":50}},"90":{"start":{"line":284,"column":37},"end":{"line":284,"column":41}},"91":{"start":{"line":285,"column":49},"end":{"line":285,"column":55}},"92":{"start":{"line":287,"column":16},"end":{"line":287,"column":45}},"93":{"start":{"line":288,"column":16},"end":{"line":291,"column":17}},"94":{"start":{"line":289,"column":18},"end":{"line":289,"column":50}},"95":{"start":{"line":290,"column":18},"end":{"line":290,"column":40}},"96":{"start":{"line":296,"column":10},"end":{"line":296,"column":28}},"97":{"start":{"line":300,"column":6},"end":{"line":300,"column":40}},"98":{"start":{"line":303,"column":4},"end":{"line":303,"column":62}},"99":{"start":{"line":307,"column":13},"end":{"line":318,"column":2}},"100":{"start":{"line":307,"column":24},"end":{"line":318,"column":2}},"101":{"start":{"line":309,"column":4},"end":{"line":309,"column":79}},"102":{"start":{"line":312,"column":16},"end":{"line":312,"column":54}},"103":{"start":{"line":315,"column":2},"end":{"line":317,"column":3}},"104":{"start":{"line":316,"column":4},"end":{"line":316,"column":36}},"105":{"start":{"line":320,"column":0},"end":{"line":320,"column":7}}},"fnMap":{"0":{"name":"(anonymous_28)","decl":{"start":{"line":119,"column":30},"end":{"line":119,"column":37}},"loc":{"start":{"line":119,"column":52},"end":{"line":146,"column":2}}},"1":{"name":"(anonymous_29)","decl":{"start":{"line":119,"column":52},"end":{"line":119,"column":null}},"loc":{"start":{"line":119,"column":52},"end":{"line":146,"column":1}}},"2":{"name":"(anonymous_30)","decl":{"start":{"line":129,"column":58},"end":{"line":129,"column":59}},"loc":{"start":{"line":129,"column":73},"end":{"line":139,"column":5}}},"3":{"name":"(anonymous_31)","decl":{"start":{"line":149,"column":25},"end":{"line":149,"column":26}},"loc":{"start":{"line":149,"column":48},"end":{"line":167,"column":1}}},"4":{"name":"(anonymous_32)","decl":{"start":{"line":153,"column":11},"end":{"line":153,"column":12}},"loc":{"start":{"line":153,"column":21},"end":{"line":153,"column":39}}},"5":{"name":"(anonymous_33)","decl":{"start":{"line":169,"column":24},"end":{"line":169,"column":31}},"loc":{"start":{"line":169,"column":54},"end":{"line":244,"column":2}}},"6":{"name":"(anonymous_34)","decl":{"start":{"line":169,"column":54},"end":{"line":169,"column":null}},"loc":{"start":{"line":169,"column":54},"end":{"line":244,"column":1}}},"7":{"name":"(anonymous_35)","decl":{"start":{"line":172,"column":11},"end":{"line":172,"column":12}},"loc":{"start":{"line":172,"column":23},"end":{"line":214,"column":7}}},"8":{"name":"(anonymous_36)","decl":{"start":{"line":246,"column":22},"end":{"line":246,"column":29}},"loc":{"start":{"line":246,"column":58},"end":{"line":251,"column":2}}},"9":{"name":"(anonymous_37)","decl":{"start":{"line":246,"column":58},"end":{"line":246,"column":null}},"loc":{"start":{"line":246,"column":58},"end":{"line":251,"column":1}}},"10":{"name":"(anonymous_38)","decl":{"start":{"line":253,"column":28},"end":{"line":253,"column":35}},"loc":{"start":{"line":253,"column":50},"end":{"line":305,"column":2}}},"11":{"name":"(anonymous_39)","decl":{"start":{"line":253,"column":50},"end":{"line":253,"column":null}},"loc":{"start":{"line":253,"column":50},"end":{"line":305,"column":1}}},"12":{"name":"(anonymous_40)","decl":{"start":{"line":278,"column":12},"end":{"line":278,"column":29}},"loc":{"start":{"line":278,"column":35},"end":{"line":282,"column":null}}},"13":{"name":"(anonymous_42)","decl":{"start":{"line":283,"column":12},"end":{"line":283,"column":29}},"loc":{"start":{"line":283,"column":36},"end":{"line":293,"column":null}}},"14":{"name":"(anonymous_44)","decl":{"start":{"line":307,"column":13},"end":{"line":307,"column":22}},"loc":{"start":{"line":307,"column":24},"end":{"line":318,"column":2}}},"15":{"name":"(anonymous_45)","decl":{"start":{"line":307,"column":24},"end":{"line":307,"column":null}},"loc":{"start":{"line":307,"column":24},"end":{"line":318,"column":1}}}},"branchMap":{"0":{"loc":{"start":{"line":122,"column":4},"end":{"line":123,"column":68}},"type":"if","locations":[{"start":{"line":122,"column":4},"end":{"line":123,"column":68}}]},"1":{"loc":{"start":{"line":132,"column":6},"end":{"line":138,"column":7}},"type":"if","locations":[{"start":{"line":132,"column":6},"end":{"line":138,"column":7}}]},"2":{"loc":{"start":{"line":133,"column":8},"end":{"line":135,"column":29}},"type":"binary-expr","locations":[{"start":{"line":133,"column":8},"end":{"line":133,"column":12}},{"start":{"line":134,"column":8},"end":{"line":134,"column":58}},{"start":{"line":135,"column":8},"end":{"line":135,"column":29}}]},"3":{"loc":{"start":{"line":154,"column":4},"end":{"line":156,"column":5}},"type":"if","locations":[{"start":{"line":154,"column":4},"end":{"line":156,"column":5}}]},"4":{"loc":{"start":{"line":154,"column":8},"end":{"line":154,"column":31}},"type":"binary-expr","locations":[{"start":{"line":154,"column":8},"end":{"line":154,"column":12}},{"start":{"line":154,"column":16},"end":{"line":154,"column":22}},{"start":{"line":154,"column":26},"end":{"line":154,"column":31}}]},"5":{"loc":{"start":{"line":158,"column":4},"end":{"line":160,"column":5}},"type":"if","locations":[{"start":{"line":158,"column":4},"end":{"line":160,"column":5}}]},"6":{"loc":{"start":{"line":178,"column":8},"end":{"line":184,"column":9}},"type":"if","locations":[{"start":{"line":178,"column":8},"end":{"line":184,"column":9}}]},"7":{"loc":{"start":{"line":178,"column":12},"end":{"line":178,"column":63}},"type":"binary-expr","locations":[{"start":{"line":178,"column":12},"end":{"line":178,"column":34}},{"start":{"line":178,"column":38},"end":{"line":178,"column":63}}]},"8":{"loc":{"start":{"line":217,"column":4},"end":{"line":220,"column":5}},"type":"if","locations":[{"start":{"line":217,"column":4},"end":{"line":220,"column":5}}]},"9":{"loc":{"start":{"line":232,"column":4},"end":{"line":237,"column":5}},"type":"if","locations":[{"start":{"line":232,"column":4},"end":{"line":237,"column":5}}]},"10":{"loc":{"start":{"line":256,"column":4},"end":{"line":257,"column":68}},"type":"if","locations":[{"start":{"line":256,"column":4},"end":{"line":257,"column":68}}]},"11":{"loc":{"start":{"line":259,"column":25},"end":{"line":260,"column":null}},"type":"cond-expr","locations":[{"start":{"line":259,"column":38},"end":{"line":259,"column":40}},{"start":{"line":259,"column":38},"end":{"line":260,"column":null}}]},"12":{"loc":{"start":{"line":259,"column":25},"end":{"line":259,"column":40}},"type":"binary-expr","locations":[{"start":{"line":259,"column":25},"end":{"line":259,"column":40}},{"start":{"line":259,"column":38},"end":{"line":259,"column":40}}]},"13":{"loc":{"start":{"line":263,"column":4},"end":{"line":301,"column":5}},"type":"if","locations":[{"start":{"line":263,"column":4},"end":{"line":301,"column":5}}]},"14":{"loc":{"start":{"line":268,"column":8},"end":{"line":297,"column":9}},"type":"if","locations":[{"start":{"line":268,"column":8},"end":{"line":297,"column":9}},{"start":{"line":295,"column":15},"end":{"line":297,"column":9}}]},"15":{"loc":{"start":{"line":288,"column":16},"end":{"line":291,"column":17}},"type":"if","locations":[{"start":{"line":288,"column":16},"end":{"line":291,"column":17}}]}},"s":{"0":0,"1":0,"2":0,"3":0,"4":0,"5":0,"6":0,"7":0,"8":0,"9":0,"10":0,"11":0,"12":0,"13":0,"14":0,"15":0,"16":0,"17":0,"18":0,"19":0,"20":0,"21":0,"22":0,"23":0,"24":0,"25":0,"26":0,"27":0,"28":0,"29":0,"30":0,"31":0,"32":0,"33":0,"34":0,"35":0,"36":0,"37":0,"38":0,"39":0,"40":0,"41":0,"42":0,"43":0,"44":0,"45":0,"46":0,"47":0,"48":0,"49":0,"50":0,"51":0,"52":0,"53":0,"54":0,"55":0,"56":0,"57":0,"58":0,"59":0,"60":0,"61":0,"62":0,"63":0,"64":0,"65":0,"66":0,"67":0,"68":0,"69":0,"70":0,"71":0,"72":0,"73":0,"74":0,"75":0,"76":0,"77":0,"78":0,"79":0,"80":0,"81":0,"82":0,"83":0,"84":0,"85":0,"86":0,"87":0,"88":0,"89":0,"90":0,"91":0,"92":0,"93":0,"94":0,"95":0,"96":0,"97":0,"98":0,"99":0,"100":0,"101":0,"102":0,"103":0,"104":0,"105":0},"f":{"0":0,"1":0,"2":0,"3":0,"4":0,"5":0,"6":0,"7":0,"8":0,"9":0,"10":0,"11":0,"12":0,"13":0,"14":0,"15":0},"b":{"0":[0],"1":[0],"2":[0,0,0],"3":[0],"4":[0,0,0],"5":[0],"6":[0],"7":[0,0],"8":[0],"9":[0],"10":[0],"11":[0,0],"12":[0,0],"13":[0],"14":[0,0],"15":[0]}}
}
