TN:
SF:src\env.d.ts
FNF:0
FNH:0
LF:0
LH:0
BRF:0
BRH:0
end_of_record
TN:
SF:src\prisma\prisma.ts
FNF:0
FNH:0
DA:1,4
DA:3,4
DA:5,4
LF:3
LH:3
BRF:0
BRH:0
end_of_record
TN:
SF:src\routes\accelerationRoutes.ts
FN:8,(anonymous_8)
FN:25,(anonymous_9)
FN:25,(anonymous_10)
FN:58,(anonymous_11)
FN:58,(anonymous_12)
FN:83,(anonymous_13)
FN:83,(anonymous_14)
FNF:7
FNH:3
FNDA:7,(anonymous_8)
FNDA:0,(anonymous_9)
FNDA:0,(anonymous_10)
FNDA:0,(anonymous_11)
FNDA:0,(anonymous_12)
FNDA:1,(anonymous_13)
FNDA:1,(anonymous_14)
DA:1,1
DA:2,1
DA:3,1
DA:5,1
DA:8,1
DA:13,7
DA:14,7
DA:15,6
DA:17,1
DA:21,1
DA:25,0
DA:26,0
DA:28,0
DA:29,0
DA:32,0
DA:33,0
DA:39,0
DA:41,0
DA:42,0
DA:48,1
DA:58,0
DA:59,0
DA:60,0
DA:62,0
DA:63,0
DA:70,0
DA:72,0
DA:73,0
DA:79,1
DA:83,1
DA:84,1
DA:86,1
DA:87,1
DA:94,1
DA:96,0
DA:97,0
DA:102,1
LF:37
LH:18
BRDA:14,0,0,6
BRDA:28,1,0,0
BRDA:28,2,0,0
BRDA:28,2,1,0
BRF:4
BRH:1
end_of_record
TN:
SF:src\routes\tripRoutes.ts
FN:8,(anonymous_8)
FN:25,(anonymous_9)
FN:25,(anonymous_10)
FN:48,(anonymous_11)
FN:48,(anonymous_12)
FN:69,(anonymous_13)
FN:69,(anonymous_14)
FN:98,(anonymous_15)
FN:98,(anonymous_16)
FNF:9
FNH:5
FNDA:4,(anonymous_8)
FNDA:0,(anonymous_9)
FNDA:0,(anonymous_10)
FNDA:0,(anonymous_11)
FNDA:0,(anonymous_12)
FNDA:1,(anonymous_13)
FNDA:1,(anonymous_14)
FNDA:1,(anonymous_15)
FNDA:1,(anonymous_16)
DA:1,1
DA:2,1
DA:3,1
DA:5,1
DA:8,1
DA:13,4
DA:14,4
DA:15,3
DA:17,1
DA:21,1
DA:25,0
DA:26,0
DA:28,0
DA:29,0
DA:37,0
DA:39,0
DA:40,0
DA:46,1
DA:48,0
DA:53,0
DA:54,0
DA:55,0
DA:56,0
DA:61,0
DA:63,0
DA:64,0
DA:69,1
DA:70,1
DA:72,1
DA:73,1
DA:76,0
DA:77,0
DA:86,0
DA:88,0
DA:89,0
DA:94,1
DA:98,1
DA:99,1
DA:101,1
DA:102,1
DA:110,1
DA:112,0
DA:113,0
DA:118,1
LF:44
LH:22
BRDA:14,0,0,3
BRDA:53,1,0,0
BRDA:72,2,0,1
BRDA:72,3,0,1
BRDA:72,3,1,0
BRDA:72,3,2,0
BRF:6
BRH:3
end_of_record
TN:
SF:src\routes\userRoutes.ts
FN:13,(anonymous_8)
FN:16,(anonymous_9)
FN:42,(anonymous_10)
FN:42,(anonymous_11)
FN:87,(anonymous_12)
FN:87,(anonymous_13)
FN:120,(anonymous_14)
FN:120,(anonymous_15)
FN:160,(anonymous_16)
FN:160,(anonymous_17)
FN:192,(anonymous_18)
FN:192,(anonymous_19)
FN:206,isJwtPayload
FN:210,(anonymous_21)
FN:219,(anonymous_22)
FN:234,(anonymous_23)
FN:234,(anonymous_24)
FN:277,(anonymous_25)
FN:277,(anonymous_26)
FNF:19
FNH:5
FNDA:0,(anonymous_8)
FNDA:0,(anonymous_9)
FNDA:0,(anonymous_10)
FNDA:0,(anonymous_11)
FNDA:0,(anonymous_12)
FNDA:0,(anonymous_13)
FNDA:0,(anonymous_14)
FNDA:0,(anonymous_15)
FNDA:0,(anonymous_16)
FNDA:0,(anonymous_17)
FNDA:0,(anonymous_18)
FNDA:0,(anonymous_19)
FNDA:1,isJwtPayload
FNDA:1,(anonymous_21)
FNDA:1,(anonymous_22)
FNDA:1,(anonymous_23)
FNDA:1,(anonymous_24)
FNDA:0,(anonymous_25)
FNDA:0,(anonymous_26)
DA:1,1
DA:2,1
DA:3,1
DA:4,1
DA:5,1
DA:6,1
DA:7,1
DA:9,1
DA:12,1
DA:14,0
DA:17,0
DA:18,0
DA:19,0
DA:20,0
DA:22,0
DA:26,1
DA:31,1
DA:42,0
DA:43,0
DA:44,0
DA:45,0
DA:48,0
DA:49,0
DA:51,0
DA:52,0
DA:53,0
DA:57,0
DA:67,0
DA:71,0
DA:77,0
DA:78,0
DA:84,1
DA:87,0
DA:88,0
DA:89,0
DA:91,0
DA:92,0
DA:97,0
DA:98,0
DA:100,0
DA:105,0
DA:107,0
DA:108,0
DA:114,1
DA:120,0
DA:121,0
DA:122,0
DA:123,0
DA:126,0
DA:128,0
DA:129,0
DA:133,0
DA:134,0
DA:137,0
DA:138,0
DA:139,0
DA:141,0
DA:149,0
DA:151,0
DA:152,0
DA:157,1
DA:160,0
DA:161,0
DA:162,0
DA:164,0
DA:165,0
DA:169,0
DA:170,0
DA:172,0
DA:177,0
DA:184,0
DA:186,0
DA:187,0
DA:192,1
DA:193,0
DA:194,0
DA:195,0
DA:197,0
DA:198,0
DA:207,1
DA:210,1
DA:215,1
DA:216,1
DA:217,1
DA:219,1
DA:220,1
DA:222,1
DA:223,1
DA:224,1
DA:226,0
DA:231,1
DA:234,1
DA:235,1
DA:236,0
DA:240,1
DA:241,1
DA:261,1
DA:263,1
DA:264,0
DA:266,1
DA:268,0
DA:269,0
DA:274,1
DA:277,0
DA:278,0
DA:280,0
DA:281,0
DA:286,0
DA:287,0
DA:291,0
DA:292,0
DA:295,0
DA:300,0
DA:304,0
DA:305,0
DA:310,1
LF:116
LH:35
BRDA:19,0,0,0
BRDA:44,1,0,0
BRDA:53,2,0,0
BRDA:53,2,1,0
BRDA:91,3,0,0
BRDA:91,4,0,0
BRDA:91,4,1,0
BRDA:122,5,0,0
BRDA:133,6,0,0
BRDA:133,7,0,0
BRDA:133,7,1,0
BRDA:138,8,0,0
BRDA:164,9,0,0
BRDA:164,10,0,0
BRDA:164,10,1,0
BRDA:207,11,0,1
BRDA:207,11,1,1
BRDA:207,11,2,1
BRDA:216,12,0,1
BRDA:216,12,1,1
BRDA:217,13,0,0
BRDA:220,14,0,0
BRDA:222,15,0,1
BRDA:222,15,1,0
BRDA:235,16,0,0
BRDA:263,17,0,0
BRDA:280,18,0,0
BRDA:291,19,0,0
BRF:28
BRH:6
end_of_record
TN:
SF:src\routes\vehicleRoutes.ts
FN:75,(anonymous_8)
FN:75,(anonymous_9)
FN:116,(anonymous_10)
FN:126,(anonymous_11)
FN:131,(anonymous_12)
FN:137,(anonymous_13)
FN:173,(anonymous_14)
FN:174,(anonymous_15)
FN:409,(anonymous_16)
FN:409,(anonymous_17)
FN:426,isJwtPayload
FN:430,(anonymous_19)
FN:439,(anonymous_20)
FN:451,(anonymous_21)
FN:451,(anonymous_22)
FNF:15
FNH:14
FNDA:2,(anonymous_8)
FNDA:2,(anonymous_9)
FNDA:1,(anonymous_10)
FNDA:1,(anonymous_11)
FNDA:1,(anonymous_12)
FNDA:0,(anonymous_13)
FNDA:1,(anonymous_14)
FNDA:1,(anonymous_15)
FNDA:1,(anonymous_16)
FNDA:1,(anonymous_17)
FNDA:1,isJwtPayload
FNDA:2,(anonymous_19)
FNDA:1,(anonymous_20)
FNDA:1,(anonymous_21)
FNDA:1,(anonymous_22)
DA:1,1
DA:2,1
DA:3,1
DA:4,1
DA:5,1
DA:7,1
DA:75,2
DA:76,2
DA:77,2
DA:78,1
DA:112,1
DA:114,1
DA:116,1
DA:119,1
DA:125,1
DA:126,1
DA:130,1
DA:131,1
DA:135,1
DA:136,0
DA:137,0
DA:171,1
DA:173,1
DA:175,1
DA:210,1
DA:214,1
DA:219,0
DA:220,0
DA:409,1
DA:410,1
DA:411,1
DA:412,1
DA:416,1
DA:418,0
DA:419,0
DA:427,1
DA:430,1
DA:435,2
DA:436,2
DA:437,2
DA:439,1
DA:440,1
DA:442,1
DA:443,1
DA:444,1
DA:446,0
DA:451,1
DA:452,1
DA:454,1
DA:456,1
DA:467,1
DA:469,0
DA:470,0
DA:474,1
LF:54
LH:45
BRDA:77,0,0,1
BRDA:135,1,0,0
BRDA:411,2,0,0
BRDA:411,3,0,0
BRDA:427,4,0,1
BRDA:427,4,1,1
BRDA:427,4,2,1
BRDA:436,5,0,2
BRDA:436,5,1,1
BRDA:437,6,0,1
BRDA:440,7,0,0
BRDA:442,8,0,1
BRDA:442,8,1,0
BRF:13
BRH:8
end_of_record
TN:
SF:src\scraper\scraper.ts
FN:119,(anonymous_28)
FN:119,(anonymous_29)
FN:129,(anonymous_30)
FN:149,(anonymous_31)
FN:153,(anonymous_32)
FN:169,(anonymous_33)
FN:169,(anonymous_34)
FN:172,(anonymous_35)
FN:246,(anonymous_36)
FN:246,(anonymous_37)
FN:253,(anonymous_38)
FN:253,(anonymous_39)
FN:278,(anonymous_40)
FN:283,(anonymous_42)
FN:307,(anonymous_44)
FN:307,(anonymous_45)
FNF:16
FNH:0
FNDA:0,(anonymous_28)
FNDA:0,(anonymous_29)
FNDA:0,(anonymous_30)
FNDA:0,(anonymous_31)
FNDA:0,(anonymous_32)
FNDA:0,(anonymous_33)
FNDA:0,(anonymous_34)
FNDA:0,(anonymous_35)
FNDA:0,(anonymous_36)
FNDA:0,(anonymous_37)
FNDA:0,(anonymous_38)
FNDA:0,(anonymous_39)
FNDA:0,(anonymous_40)
FNDA:0,(anonymous_42)
FNDA:0,(anonymous_44)
FNDA:0,(anonymous_45)
DA:1,0
DA:2,0
DA:3,0
DA:4,0
DA:5,0
DA:6,0
DA:8,0
DA:10,0
DA:12,0
DA:119,0
DA:120,0
DA:121,0
DA:122,0
DA:123,0
DA:125,0
DA:126,0
DA:127,0
DA:129,0
DA:130,0
DA:131,0
DA:132,0
DA:137,0
DA:141,0
DA:143,0
DA:144,0
DA:149,0
DA:150,0
DA:151,0
DA:153,0
DA:154,0
DA:155,0
DA:157,0
DA:158,0
DA:159,0
DA:161,0
DA:162,0
DA:164,0
DA:165,0
DA:169,0
DA:170,0
DA:171,0
DA:173,0
DA:174,0
DA:178,0
DA:179,0
DA:183,0
DA:186,0
DA:217,0
DA:218,0
DA:219,0
DA:224,0
DA:232,0
DA:233,0
DA:234,0
DA:239,0
DA:240,0
DA:242,0
DA:246,0
DA:247,0
DA:248,0
DA:249,0
DA:253,0
DA:254,0
DA:255,0
DA:256,0
DA:257,0
DA:259,0
DA:263,0
DA:264,0
DA:266,0
DA:267,0
DA:268,0
DA:269,0
DA:271,0
DA:279,0
DA:280,0
DA:284,0
DA:285,0
DA:287,0
DA:288,0
DA:289,0
DA:290,0
DA:296,0
DA:300,0
DA:303,0
DA:307,0
DA:309,0
DA:312,0
DA:315,0
DA:316,0
DA:320,0
LF:91
LH:0
BRDA:122,0,0,0
BRDA:132,1,0,0
BRDA:133,2,0,0
BRDA:133,2,1,0
BRDA:133,2,2,0
BRDA:154,3,0,0
BRDA:154,4,0,0
BRDA:154,4,1,0
BRDA:154,4,2,0
BRDA:158,5,0,0
BRDA:178,6,0,0
BRDA:178,7,0,0
BRDA:178,7,1,0
BRDA:217,8,0,0
BRDA:232,9,0,0
BRDA:256,10,0,0
BRDA:259,11,0,0
BRDA:259,11,1,0
BRDA:259,12,0,0
BRDA:259,12,1,0
BRDA:263,13,0,0
BRDA:268,14,0,0
BRDA:268,14,1,0
BRDA:288,15,0,0
BRF:24
BRH:0
end_of_record
